qt.core.plugin.factoryloader: checking directory path "E:/Web stuff/Jamulus VST Wrapper/jamulus/juce-wrapper/build/plugin/jamulus_vst3_artefacts/Release/VST3/JamulusVST3.vst3/Contents/x86_64-win/platforms" ...
qt.core.plugin.factoryloader: looking at "E:/Web stuff/Jamulus VST Wrapper/jamulus/juce-wrapper/build/plugin/jamulus_vst3_artefacts/Release/VST3/JamulusVST3.vst3/Contents/x86_64-win/platforms/qwindows.dll"
qt.core.plugin.loader: Found metadata in lib E:/Web stuff/Jamulus VST Wrapper/jamulus/juce-wrapper/build/plugin/jamulus_vst3_artefacts/Release/VST3/JamulusVST3.vst3/Contents/x86_64-win/platforms/qwindows.dll, metadata=
{
    "IID": "org.qt-project.Qt.QPA.QPlatformIntegrationFactoryInterface.5.3",
    "MetaData": {
        "Keys": [
            "windows"
        ]
    },
    "archlevel": 0,
    "className": "QWindowsIntegrationPlugin",
    "debug": false,
    "version": 395008
}


qt.core.plugin.factoryloader: Got keys from plugin meta data QList("windows")
qt.core.plugin.factoryloader: checking directory path "E:/Web stuff/Jamulus VST Wrapper/jamulus/juce-wrapper/build/bin/Release/platforms" ...
qt.qpa.plugin: Could not find the Qt platform plugin "minimal" in ""
This application failed to start because no Qt platform plugin could be initialized. Reinstalling the application may fix this problem.

Available platform plugins are: windows.

